<component name="libraryTable">
  <library name="junit">
    <CLASSES />
    <JAVADOC />
    <SOURCES>
      <root url="jar://$USER_HOME$/Downloads/junit-4.10-src.jar!/" />
    </SOURCES>
  </library>
</component>